<?xml version="1.0" encoding="UTF-8"?>
<testsuite name="TestRunner.ShopProductTestRunner" tests="7" skipped="0" failures="0" errors="0" timestamp="2022-01-31T13:45:46" hostname="DESKTOP-285ADBM" time="39.364">
  <properties/>
  <testcase name="ShopSearchAllProduct" classname="TestRunner.ShopProductTestRunner" time="5.733"/>
  <testcase name="ShopProductSortByPopularity" classname="TestRunner.ShopProductTestRunner" time="6.805"/>
  <testcase name="ShopSearchProducts" classname="TestRunner.ShopProductTestRunner" time="4.894"/>
  <testcase name="ShopProductsProducts" classname="TestRunner.ShopProductTestRunner" time="6.366"/>
  <testcase name="AvailableColor" classname="TestRunner.ShopProductTestRunner" time="10.158"/>
  <testcase name="NotAvailableProduct" classname="TestRunner.ShopProductTestRunner" time="5.071"/>
  <testcase name="NotAvailableColor" classname="TestRunner.ShopProductTestRunner" time="0.297"/>
  <system-out><![CDATA[https://envothemes.com/envo-ecommerce/product/womens-dress/
Black pants
]]></system-out>
  <system-err><![CDATA[console.warn: LoginRecipes: "getRecipes: falling back to a synchronous message for:" "https://envothemes.com"
console.warn: LoginRecipes: "getRecipes: falling back to a synchronous message for:" "https://envothemes.com"
console.warn: LoginRecipes: "getRecipes: falling back to a synchronous message for:" "https://envothemes.com"
JavaScript error: resource://gre/modules/XULStore.jsm, line 66: Error: Can't find profile directory.
JavaScript error: resource://gre/modules/XULStore.jsm, line 66: Error: Can't find profile directory.
1643636775137	Marionette	WARN	TimedPromise timed out after 500 ms: stacktrace:
TimedPromise/<@chrome://remote/content/marionette/sync.js:239:19
TimedPromise@chrome://remote/content/marionette/sync.js:224:10
interaction.flushEventLoop@chrome://remote/content/marionette/interaction.js:431:10
webdriverClickElement@chrome://remote/content/marionette/interaction.js:179:31
console.warn: LoginRecipes: "getRecipes: falling back to a synchronous message for:" "https://envothemes.com"
console.warn: LoginRecipes: "getRecipes: falling back to a synchronous message for:" "https://envothemes.com"
]]></system-err>
</testsuite>
