<?xml version="1.0" encoding="UTF-8"?>
<testsuite name="TestRunner.PurchaseTestRunner" tests="2" skipped="0" failures="0" errors="0" timestamp="2022-01-31T13:44:18" hostname="DESKTOP-285ADBM" time="25.181">
  <properties/>
  <testcase name="doPurchaseTab" classname="TestRunner.PurchaseTestRunner" time="9.699"/>
  <testcase name="AddToCart" classname="TestRunner.PurchaseTestRunner" time="15.4"/>
  <system-out><![CDATA[]]></system-out>
  <system-err><![CDATA[console.warn: LoginRecipes: "getRecipes: falling back to a synchronous message for:" "https://envothemes.com"
JavaScript error: resource://gre/modules/XULStore.jsm, line 66: Error: Can't find profile directory.
JavaScript error: resource://gre/modules/XULStore.jsm, line 66: Error: Can't find profile directory.
console.warn: LoginRecipes: "getRecipes: falling back to a synchronous message for:" "https://envothemes.com"
]]></system-err>
</testsuite>
